Arguments: 
  /usr/local/bin/node /usr/local/bin/yarn add redux-flipper react-native-flipper

PATH: 
  /usr/local/opt/php@7.2/sbin:/usr/local/opt/php@7.2/bin:/usr/local/bin:/usr/bin:/bin:/usr/sbin:/sbin:/Library/Apple/usr/bin:/Users/tigran/javaScript/lesson/reactGroup7/Messaging/node_modules/.bin:/Users/tigran/Library/Android/sdk/emulator:/Users/tigran/Library/Android/sdk/tools:/Users/tigran/Library/Android/sdk/tools/bin:/Users/tigran/Library/Android/sdk/platform-tools

Yarn version: 
  1.22.10

Node version: 
  14.16.1

Platform: 
  darwin x64

Trace: 
  Error: 4411014656:error:1408F119:SSL routines:ssl3_get_record:decryption failed or bad record mac:../deps/openssl/openssl/ssl/record/ssl3_record.c:677:

npm manifest: 
  {
    "name": "messaging",
    "version": "0.0.1",
    "private": true,
    "scripts": {
      "android": "react-native run-android",
      "ios": "react-native run-ios",
      "start": "react-native start",
      "test": "jest",
      "lint": "eslint ."
    },
    "dependencies": {
      "@react-native-community/masked-view": "^0.1.11",
      "@react-navigation/bottom-tabs": "^5.11.11",
      "@react-navigation/native": "^5.9.4",
      "@react-navigation/stack": "^5.14.5",
      "lodash": "^4.17.21",
      "moment": "^2.29.1",
      "react": "17.0.1",
      "react-native": "0.64.1",
      "react-native-elements": "^3.4.1",
      "react-native-gesture-handler": "^1.10.3",
      "react-native-reanimated": "^2.1.0",
      "react-native-safe-area-context": "^3.2.0",
      "react-native-screens": "^3.2.0",
      "react-native-vector-icons": "^8.1.0",
      "react-redux": "^7.2.4",
      "redux": "^4.1.0",
      "redux-saga": "^1.1.3"
    },
    "devDependencies": {
      "@babel/core": "^7.12.9",
      "@babel/runtime": "^7.12.5",
      "@react-native-community/eslint-config": "^2.0.0",
      "babel-jest": "^26.6.3",
      "eslint": "7.14.0",
      "jest": "^26.6.3",
      "metro-react-native-babel-preset": "^0.64.0",
      "react-test-renderer": "17.0.1"
    },
    "jest": {
      "preset": "react-native"
    }
  }

yarn manifest: 
  No manifest

Lockfile: 
  No lockfile
